[
  {
    "type": "CREDENTIAL_EXPOSURE",
    "severity": "CRITICAL",
    "detail": "Exposed credentials through debug endpoint",
    "evidence": {
      "url": "http://localhost:5002/users/v1/_debug",
      "user_count": 4,
      "sample": {
        "admin": false,
        "email": "mail1@mail.com",
        "password": "pass1",
        "username": "name1"
      }
    }
  },
  {
    "type": "RATE_LIMIT",
    "severity": "MEDIUM",
    "detail": "No rate limiting detected after sending multiple rapid requests",
    "evidence": {
      "request_count": 50,
      "status_codes": [
        404,
        404,
        404,
        404,
        404,
        404,
        404,
        404,
        404,
        404,
        404,
        404,
        404,
        404,
        404,
        404,
        404,
        404,
        404,
        404,
        404,
        404,
        404,
        404,
        404,
        404,
        404,
        404,
        404,
        404,
        404,
        404,
        404,
        404,
        404,
        404,
        404,
        404,
        404,
        404,
        404,
        404,
        404,
        404,
        404,
        404,
        404,
        404,
        404,
        404
      ]
    }
  },
  {
    "type": "SQL_INJECTION",
    "severity": "HIGH",
    "detail": "Potential Boolean-based SQL Injection detected",
    "scenario": "Boolean Based",
    "evidence": {
      "payload": "' AND 1=1--",
      "status_code": 200,
      "response": "{ \"message\": \"VAmPI the Vulnerable API\", \"help\": \"VAmPI is a vulnerable on purpose API. It was created in order to evaluate the efficiency of third party tools in identifying vulnerabilities in APIs but it can also be used in learning/teaching purposes.\", \"vulnerable\":1}",
      "headers": {
        "Server": "Werkzeug/2.2.3 Python/3.11.11",
        "Date": "Wed, 26 Feb 2025 18:23:31 GMT",
        "Content-Type": "application/json",
        "Content-Length": "271",
        "Connection": "close"
      }
    }
  },
  {
    "type": "SQL_INJECTION",
    "severity": "HIGH",
    "detail": "Potential Boolean-based SQL Injection detected",
    "scenario": "Boolean Based",
    "evidence": {
      "payload": "' AND 1=1--",
      "status_code": 200,
      "response": "{ \"message\": \"VAmPI the Vulnerable API\", \"help\": \"VAmPI is a vulnerable on purpose API. It was created in order to evaluate the efficiency of third party tools in identifying vulnerabilities in APIs but it can also be used in learning/teaching purposes.\", \"vulnerable\":1}",
      "headers": {
        "Server": "Werkzeug/2.2.3 Python/3.11.11",
        "Date": "Wed, 26 Feb 2025 18:23:31 GMT",
        "Content-Type": "application/json",
        "Content-Length": "271",
        "Connection": "close"
      }
    }
  },
  {
    "type": "SQL_INJECTION",
    "severity": "HIGH",
    "detail": "Potential Boolean-based SQL Injection detected",
    "scenario": "Boolean Based",
    "evidence": {
      "payload": "' AND 1=2--",
      "status_code": 200,
      "response": "{ \"message\": \"VAmPI the Vulnerable API\", \"help\": \"VAmPI is a vulnerable on purpose API. It was created in order to evaluate the efficiency of third party tools in identifying vulnerabilities in APIs but it can also be used in learning/teaching purposes.\", \"vulnerable\":1}",
      "headers": {
        "Server": "Werkzeug/2.2.3 Python/3.11.11",
        "Date": "Wed, 26 Feb 2025 18:23:31 GMT",
        "Content-Type": "application/json",
        "Content-Length": "271",
        "Connection": "close"
      }
    }
  },
  {
    "type": "SQL_INJECTION",
    "severity": "HIGH",
    "detail": "Potential Boolean-based SQL Injection detected",
    "scenario": "Boolean Based",
    "evidence": {
      "payload": "' AND 1=2--",
      "status_code": 200,
      "response": "{ \"message\": \"VAmPI the Vulnerable API\", \"help\": \"VAmPI is a vulnerable on purpose API. It was created in order to evaluate the efficiency of third party tools in identifying vulnerabilities in APIs but it can also be used in learning/teaching purposes.\", \"vulnerable\":1}",
      "headers": {
        "Server": "Werkzeug/2.2.3 Python/3.11.11",
        "Date": "Wed, 26 Feb 2025 18:23:31 GMT",
        "Content-Type": "application/json",
        "Content-Length": "271",
        "Connection": "close"
      }
    }
  },
  {
    "type": "BOLA",
    "severity": "HIGH",
    "detail": "Successfully accessed user data for ID admin without proper authorization",
    "evidence": {
      "url": "http://localhost:5002//users/v1/admin",
      "response": {
        "username": "admin",
        "email": "admin@mail.com"
      }
    }
  },
  {
    "type": "MASS_ASSIGNMENT",
    "severity": "HIGH",
    "detail": "Successfully created admin user through mass assignment",
    "evidence": {
      "url": "http://localhost:5002//users/v1/register",
      "payload": {
        "username": "test_mass_1740594211",
        "password": "test1",
        "email": "test_mass_1740594211@dom.com",
        "admin": "true"
      },
      "response": {
        "users": [
          {
            "admin": false,
            "email": "mail1@mail.com",
            "password": "pass1",
            "username": "name1"
          },
          {
            "admin": false,
            "email": "mail2@mail.com",
            "password": "pass2",
            "username": "name2"
          },
          {
            "admin": true,
            "email": "admin@mail.com",
            "password": "pass1",
            "username": "admin"
          },
          {
            "admin": true,
            "email": "test_mass_1740594211@dom.com",
            "password": "test1",
            "username": "test_mass_1740594211"
          }
        ]
      }
    }
  },
  {
    "type": "EXCESSIVE_DATA_EXPOSURE",
    "severity": "HIGH",
    "detail": "Endpoint /users/v1/_debug exposes sensitive data",
    "evidence": {
      "url": "http://localhost:5002//users/v1/_debug",
      "exposed_data_types": [
        "password",
        "admin_status",
        "email",
        "username"
      ],
      "response_sample": "{'users': [{'admin': False, 'email': 'mail1@mail.com', 'password': 'pass1', 'username': 'name1'}, {'admin': False, 'email': 'mail2@mail.com', 'password': 'pass2', 'username': 'name2'}, {'admin': True,"
    }
  },
  {
    "type": "EXCESSIVE_DATA_EXPOSURE",
    "severity": "HIGH",
    "detail": "Endpoint /users/v1 exposes sensitive data",
    "evidence": {
      "url": "http://localhost:5002//users/v1",
      "exposed_data_types": [
        "email",
        "username"
      ],
      "response_sample": "{'users': [{'email': 'mail1@mail.com', 'username': 'name1'}, {'email': 'mail2@mail.com', 'username': 'name2'}, {'email': 'admin@mail.com', 'username': 'admin'}, {'email': 'test_mass_1740594211@dom.com"
    }
  },
  {
    "type": "USER_ENUMERATION",
    "severity": "MEDIUM",
    "detail": "Different error message for existing username: admin",
    "evidence": {
      "url": "http://localhost:5002//users/v1/login",
      "username": "admin",
      "response": "{ \"status\": \"fail\", \"message\": \"Password is not correct for the given username.\"}"
    }
  },
  {
    "type": "RATE_LIMIT",
    "severity": "MEDIUM",
    "detail": "No rate limiting detected after sending multiple rapid requests",
    "evidence": {
      "request_count": 50,
      "status_codes": [
        200,
        200,
        200,
        200,
        200,
        200,
        200,
        200,
        200,
        200,
        200,
        200,
        200,
        200,
        200,
        200,
        200,
        200,
        200,
        200,
        200,
        200,
        200,
        200,
        200,
        200,
        200,
        200,
        200,
        200,
        200,
        200,
        200,
        200,
        200,
        200,
        200,
        200,
        200,
        200,
        200,
        200,
        200,
        200,
        200,
        200,
        200,
        200,
        200,
        200
      ]
    }
  },
  {
    "type": "JWT_BYPASS",
    "severity": "HIGH",
    "detail": "Successfully bypassed JWT auth using weak key: secret",
    "evidence": {
      "url": "http://localhost:5002//",
      "headers": {
        "Authorization": "Bearer eyJhbGciOiJIUzI1NiIsInR5cCI6IkpXVCJ9.eyJzdWIiOiJ0ZXN0X3VzZXIiLCJpYXQiOjE3NDA1OTQyMTcsImV4cCI6MTc0MDU5NzgxN30.AJOgbUzZ8f_nCqcLrCe5j_RJCt0Cms8dKPKL2fY5WjU"
      },
      "response": "{ \"message\": \"VAmPI the Vulnerable API\", \"help\": \"VAmPI is a vulnerable on purpose API. It was created in order to evaluate the efficiency of third party tools in identifying vulnerabilities in APIs but it can also be used in learning/teaching purposes.\", \"vulnerable\":1}"
    }
  },
  {
    "type": "JWT_BYPASS",
    "severity": "HIGH",
    "detail": "Successfully bypassed JWT auth using weak key: password",
    "evidence": {
      "url": "http://localhost:5002//",
      "headers": {
        "Authorization": "Bearer eyJhbGciOiJIUzI1NiIsInR5cCI6IkpXVCJ9.eyJzdWIiOiJ0ZXN0X3VzZXIiLCJpYXQiOjE3NDA1OTQyMTcsImV4cCI6MTc0MDU5NzgxN30.hV_2i7w0O5snK2pGLkHL4scsPCIuF-ZtbrKEiN8TAoM"
      },
      "response": "{ \"message\": \"VAmPI the Vulnerable API\", \"help\": \"VAmPI is a vulnerable on purpose API. It was created in order to evaluate the efficiency of third party tools in identifying vulnerabilities in APIs but it can also be used in learning/teaching purposes.\", \"vulnerable\":1}"
    }
  },
  {
    "type": "JWT_BYPASS",
    "severity": "HIGH",
    "detail": "Successfully bypassed JWT auth using weak key: 123456",
    "evidence": {
      "url": "http://localhost:5002//",
      "headers": {
        "Authorization": "Bearer eyJhbGciOiJIUzI1NiIsInR5cCI6IkpXVCJ9.eyJzdWIiOiJ0ZXN0X3VzZXIiLCJpYXQiOjE3NDA1OTQyMTcsImV4cCI6MTc0MDU5NzgxN30.f0Ug3cliApvUUU0Hnlpkuze6dODDGvL3tDlnmsW08jk"
      },
      "response": "{ \"message\": \"VAmPI the Vulnerable API\", \"help\": \"VAmPI is a vulnerable on purpose API. It was created in order to evaluate the efficiency of third party tools in identifying vulnerabilities in APIs but it can also be used in learning/teaching purposes.\", \"vulnerable\":1}"
    }
  },
  {
    "type": "JWT_BYPASS",
    "severity": "HIGH",
    "detail": "Successfully bypassed JWT auth using weak key: key",
    "evidence": {
      "url": "http://localhost:5002//",
      "headers": {
        "Authorization": "Bearer eyJhbGciOiJIUzI1NiIsInR5cCI6IkpXVCJ9.eyJzdWIiOiJ0ZXN0X3VzZXIiLCJpYXQiOjE3NDA1OTQyMTcsImV4cCI6MTc0MDU5NzgxN30.s222IYiDR842On1jEl2W5bzsQ6ZFYSkGWhpOriQcPpc"
      },
      "response": "{ \"message\": \"VAmPI the Vulnerable API\", \"help\": \"VAmPI is a vulnerable on purpose API. It was created in order to evaluate the efficiency of third party tools in identifying vulnerabilities in APIs but it can also be used in learning/teaching purposes.\", \"vulnerable\":1}"
    }
  },
  {
    "type": "JWT_BYPASS",
    "severity": "HIGH",
    "detail": "Successfully bypassed JWT auth using weak key: private",
    "evidence": {
      "url": "http://localhost:5002//",
      "headers": {
        "Authorization": "Bearer eyJhbGciOiJIUzI1NiIsInR5cCI6IkpXVCJ9.eyJzdWIiOiJ0ZXN0X3VzZXIiLCJpYXQiOjE3NDA1OTQyMTcsImV4cCI6MTc0MDU5NzgxN30.LZ3a0yufcCdq5r-oCJU-XQ_quxd8uvuD4s6H73i-ctI"
      },
      "response": "{ \"message\": \"VAmPI the Vulnerable API\", \"help\": \"VAmPI is a vulnerable on purpose API. It was created in order to evaluate the efficiency of third party tools in identifying vulnerabilities in APIs but it can also be used in learning/teaching purposes.\", \"vulnerable\":1}"
    }
  },
  {
    "type": "JWT_BYPASS",
    "severity": "HIGH",
    "detail": "Successfully bypassed JWT auth using 'none' algorithm",
    "evidence": {
      "url": "http://localhost:5002//",
      "headers": {
        "Authorization": "Bearer eyJhbGciOiJub25lIiwidHlwIjoiSldUIn0.eyJzdWIiOiJ0ZXN0X3VzZXIiLCJpYXQiOjE3NDA1OTQyMTcsImV4cCI6MTc0MDU5NzgxN30."
      },
      "response": "{ \"message\": \"VAmPI the Vulnerable API\", \"help\": \"VAmPI is a vulnerable on purpose API. It was created in order to evaluate the efficiency of third party tools in identifying vulnerabilities in APIs but it can also be used in learning/teaching purposes.\", \"vulnerable\":1}"
    }
  },
  {
    "type": "RATE_LIMIT",
    "severity": "MEDIUM",
    "detail": "No rate limiting detected after sending multiple rapid requests",
    "evidence": {
      "request_count": 50,
      "status_codes": [
        404,
        404,
        404,
        404,
        404,
        404,
        404,
        404,
        404,
        404,
        404,
        404,
        404,
        404,
        404,
        404,
        404,
        404,
        404,
        404,
        404,
        404,
        404,
        404,
        404,
        404,
        404,
        404,
        404,
        404,
        404,
        404,
        404,
        404,
        404,
        404,
        404,
        404,
        404,
        404,
        404,
        404,
        404,
        404,
        404,
        404,
        404,
        404,
        404,
        404
      ]
    }
  },
  {
    "type": "RATE_LIMIT",
    "severity": "MEDIUM",
    "detail": "No rate limiting detected after sending multiple rapid requests",
    "evidence": {
      "request_count": 50,
      "status_codes": [
        404,
        404,
        404,
        404,
        404,
        404,
        404,
        404,
        404,
        404,
        404,
        404,
        404,
        404,
        404,
        404,
        404,
        404,
        404,
        404,
        404,
        404,
        404,
        404,
        404,
        404,
        404,
        404,
        404,
        404,
        404,
        404,
        404,
        404,
        404,
        404,
        404,
        404,
        404,
        404,
        404,
        404,
        404,
        404,
        404,
        404,
        404,
        404,
        404,
        404
      ]
    }
  },
  {
    "type": "RATE_LIMIT",
    "severity": "MEDIUM",
    "detail": "No rate limiting detected after sending multiple rapid requests",
    "evidence": {
      "request_count": 50,
      "status_codes": [
        404,
        404,
        404,
        404,
        404,
        404,
        404,
        404,
        404,
        404,
        404,
        404,
        404,
        404,
        404,
        404,
        404,
        404,
        404,
        404,
        404,
        404,
        404,
        404,
        404,
        404,
        404,
        404,
        404,
        404,
        404,
        404,
        404,
        404,
        404,
        404,
        404,
        404,
        404,
        404,
        404,
        404,
        404,
        404,
        404,
        404,
        404,
        404,
        404,
        404
      ]
    }
  },
  {
    "type": "RATE_LIMIT",
    "severity": "MEDIUM",
    "detail": "No rate limiting detected after sending multiple rapid requests",
    "evidence": {
      "request_count": 50,
      "status_codes": [
        404,
        404,
        404,
        404,
        404,
        404,
        404,
        404,
        404,
        404,
        404,
        404,
        404,
        404,
        404,
        404,
        404,
        404,
        404,
        404,
        404,
        404,
        404,
        404,
        404,
        404,
        404,
        404,
        404,
        404,
        404,
        404,
        404,
        404,
        404,
        404,
        404,
        404,
        404,
        404,
        404,
        404,
        404,
        404,
        404,
        404,
        404,
        404,
        404,
        404
      ]
    }
  },
  {
    "type": "RATE_LIMIT",
    "severity": "MEDIUM",
    "detail": "No rate limiting detected after sending multiple rapid requests",
    "evidence": {
      "request_count": 50,
      "status_codes": [
        404,
        404,
        404,
        404,
        404,
        404,
        404,
        404,
        404,
        404,
        404,
        404,
        404,
        404,
        404,
        404,
        404,
        404,
        404,
        404,
        404,
        404,
        404,
        404,
        404,
        404,
        404,
        404,
        404,
        404,
        404,
        404,
        404,
        404,
        404,
        404,
        404,
        404,
        404,
        404,
        404,
        404,
        404,
        404,
        404,
        404,
        404,
        404,
        404,
        404
      ]
    }
  },
  {
    "type": "RATE_LIMIT",
    "severity": "MEDIUM",
    "detail": "No rate limiting detected after sending multiple rapid requests",
    "evidence": {
      "request_count": 50,
      "status_codes": [
        404,
        404,
        404,
        404,
        404,
        404,
        404,
        404,
        404,
        404,
        404,
        404,
        404,
        404,
        404,
        404,
        404,
        404,
        404,
        404,
        404,
        404,
        404,
        404,
        404,
        404,
        404,
        404,
        404,
        404,
        404,
        404,
        404,
        404,
        404,
        404,
        404,
        404,
        404,
        404,
        404,
        404,
        404,
        404,
        404,
        404,
        404,
        404,
        404,
        404
      ]
    }
  },
  {
    "type": "RATE_LIMIT",
    "severity": "MEDIUM",
    "detail": "No rate limiting detected after sending multiple rapid requests",
    "evidence": {
      "request_count": 50,
      "status_codes": [
        404,
        404,
        404,
        404,
        404,
        404,
        404,
        404,
        404,
        404,
        404,
        404,
        404,
        404,
        404,
        404,
        404,
        404,
        404,
        404,
        404,
        404,
        404,
        404,
        404,
        404,
        404,
        404,
        404,
        404,
        404,
        404,
        404,
        404,
        404,
        404,
        404,
        404,
        404,
        404,
        404,
        404,
        404,
        404,
        404,
        404,
        404,
        404,
        404,
        404
      ]
    }
  },
  {
    "type": "RATE_LIMIT",
    "severity": "MEDIUM",
    "detail": "No rate limiting detected after sending multiple rapid requests",
    "evidence": {
      "request_count": 50,
      "status_codes": [
        404,
        404,
        404,
        404,
        404,
        404,
        404,
        404,
        404,
        404,
        404,
        404,
        404,
        404,
        404,
        404,
        404,
        404,
        404,
        404,
        404,
        404,
        404,
        404,
        404,
        404,
        404,
        404,
        404,
        404,
        404,
        404,
        404,
        404,
        404,
        404,
        404,
        404,
        404,
        404,
        404,
        404,
        404,
        404,
        404,
        404,
        404,
        404,
        404,
        404
      ]
    }
  },
  {
    "type": "RATE_LIMIT",
    "severity": "MEDIUM",
    "detail": "No rate limiting detected after sending multiple rapid requests",
    "evidence": {
      "request_count": 50,
      "status_codes": [
        404,
        404,
        404,
        404,
        404,
        404,
        404,
        404,
        404,
        404,
        404,
        404,
        404,
        404,
        404,
        404,
        404,
        404,
        404,
        404,
        404,
        404,
        404,
        404,
        404,
        404,
        404,
        404,
        404,
        404,
        404,
        404,
        404,
        404,
        404,
        404,
        404,
        404,
        404,
        404,
        404,
        404,
        404,
        404,
        404,
        404,
        404,
        404,
        404,
        404
      ]
    }
  },
  {
    "type": "RATE_LIMIT",
    "severity": "MEDIUM",
    "detail": "No rate limiting detected after sending multiple rapid requests",
    "evidence": {
      "request_count": 50,
      "status_codes": [
        404,
        404,
        404,
        404,
        404,
        404,
        404,
        404,
        404,
        404,
        404,
        404,
        404,
        404,
        404,
        404,
        404,
        404,
        404,
        404,
        404,
        404,
        404,
        404,
        404,
        404,
        404,
        404,
        404,
        404,
        404,
        404,
        404,
        404,
        404,
        404,
        404,
        404,
        404,
        404,
        404,
        404,
        404,
        404,
        404,
        404,
        404,
        404,
        404,
        404
      ]
    }
  },
  {
    "type": "RATE_LIMIT",
    "severity": "MEDIUM",
    "detail": "No rate limiting detected after sending multiple rapid requests",
    "evidence": {
      "request_count": 50,
      "status_codes": [
        404,
        404,
        404,
        404,
        404,
        404,
        404,
        404,
        404,
        404,
        404,
        404,
        404,
        404,
        404,
        404,
        404,
        404,
        404,
        404,
        404,
        404,
        404,
        404,
        404,
        404,
        404,
        404,
        404,
        404,
        404,
        404,
        404,
        404,
        404,
        404,
        404,
        404,
        404,
        404,
        404,
        404,
        404,
        404,
        404,
        404,
        404,
        404,
        404,
        404
      ]
    }
  },
  {
    "type": "RATE_LIMIT",
    "severity": "MEDIUM",
    "detail": "No rate limiting detected after sending multiple rapid requests",
    "evidence": {
      "request_count": 50,
      "status_codes": [
        404,
        404,
        404,
        404,
        404,
        404,
        404,
        404,
        404,
        404,
        404,
        404,
        404,
        404,
        404,
        404,
        404,
        404,
        404,
        404,
        404,
        404,
        404,
        404,
        404,
        404,
        404,
        404,
        404,
        404,
        404,
        404,
        404,
        404,
        404,
        404,
        404,
        404,
        404,
        404,
        404,
        404,
        404,
        404,
        404,
        404,
        404,
        404,
        404,
        404
      ]
    }
  }
]